d:\mk3\asm\debug\asm.pch
d:\mk3\code\debug\asm.pdb
d:\mk3\code\debug\asm.idb
d:\mk3\asm\debug\pch.obj
d:\mk3\asm\debug\asm.obj
d:\mk3\code\debug\asm.lib
d:\mk3\asm\debug\context.obj
d:\mk3\asm\debug\jax.obj
d:\mk3\asm\debug\jaxf.obj
d:\mk3\asm\debug\mkbell.obj
d:\mk3\asm\debug\mkbiodt.obj
d:\mk3\asm\debug\mkbloodt.obj
d:\mk3\asm\debug\mkbrig.obj
d:\mk3\asm\debug\mkbt.obj
d:\mk3\asm\debug\mkbuydt.obj
d:\mk3\asm\debug\mkcity.obj
d:\mk3\asm\debug\mkcoin.obj
d:\mk3\asm\debug\mkdteam.obj
d:\mk3\asm\debug\mkenddt.obj
d:\mk3\asm\debug\mkexplod.obj
d:\mk3\asm\debug\mkfight.obj
d:\mk3\asm\debug\mkglobals.obj
d:\mk3\asm\debug\mkgrad.obj
d:\mk3\asm\debug\mkgrav.obj
d:\mk3\asm\debug\mkhscore.obj
d:\mk3\asm\debug\mkknstry.obj
d:\mk3\asm\debug\mklkstry.obj
d:\mk3\asm\debug\mkmarkdt.obj
d:\mk3\asm\debug\mkmock.obj
d:\mk3\asm\debug\mknames.obj
d:\mk3\asm\debug\mkoption.obj
d:\mk3\asm\debug\mkpalnts.obj
d:\mk3\asm\debug\mkpit.obj
d:\mk3\asm\debug\mkportal.obj
d:\mk3\asm\debug\mkpsel.obj
d:\mk3\asm\debug\mksbst.obj
d:\mk3\asm\debug\mkscombo.obj
d:\mk3\asm\debug\mkselvic.obj
d:\mk3\asm\debug\mkskend.obj
d:\mk3\asm\debug\mksoul.obj
d:\mk3\asm\debug\mkstk.obj
d:\mk3\asm\debug\mkstry2.obj
d:\mk3\asm\debug\mkstry3.obj
d:\mk3\asm\debug\mkszstry.obj
d:\mk3\asm\debug\mktemp.obj
d:\mk3\asm\debug\mktextdt.obj
d:\mk3\asm\debug\mktitle.obj
d:\mk3\asm\debug\mkverse.obj
d:\mk3\asm\debug\asm.tlog\cl.command.1.tlog
d:\mk3\asm\debug\asm.tlog\cl.read.1.tlog
d:\mk3\asm\debug\asm.tlog\cl.write.1.tlog
d:\mk3\asm\debug\asm.tlog\lib-link.read.1.tlog
d:\mk3\asm\debug\asm.tlog\lib-link.write.1.tlog
d:\mk3\asm\debug\asm.tlog\lib.command.1.tlog
d:\mk3\asm\debug\asm.tlog\masm.read.1u.tlog
d:\mk3\asm\debug\asm.tlog\masm.write.1u.tlog
