  Assembling CONTEXT.ASM...
  Assembling JAX\JAX.ASM...
  Assembling JAX\JAXF.ASM...
  Assembling MKBELL.ASM...
  Assembling MKBIODT.ASM...
  Assembling MKBLOODT.ASM...
  Assembling MKBRIG.ASM...
  Assembling MKBT.ASM...
  Assembling MKBUYDT.ASM...
  Assembling MKCITY.ASM...
  Assembling MKCOIN.ASM...
  Assembling MKDTEAM.ASM...
  Assembling MKENDDT.ASM...
  Assembling MKEXPLOD.ASM...
  Assembling MKFIGHT.ASM...
  Assembling MKGLOBALS.ASM...
  Assembling MKGRAD.ASM...
  Assembling MKGRAV.ASM...
  Assembling MKHSCORE.ASM...
  Assembling MKKNSTRY.ASM...
  Assembling MKLKSTRY.ASM...
  Assembling MKMARKDT.ASM...
  Assembling MKMOCK.ASM...
  Assembling MKNAMES.ASM...
  Assembling MKOPTION.ASM...
  Assembling MKPALNTS.ASM...
  Assembling MKPIT.ASM...
  Assembling MKPORTAL.ASM...
  Assembling MKPSEL.ASM...
  Assembling MKSBST.ASM...
  Assembling MKSCOMBO.ASM...
  Assembling MKSELVIC.ASM...
  Assembling MKSKEND.ASM...
  Assembling MKSOUL.ASM...
  Assembling MKSTK.ASM...
  Assembling MKSTRY2.ASM...
  Assembling MKSTRY3.ASM...
  Assembling MKSZSTRY.ASM...
  Assembling MKTEMP.ASM...
  Assembling MKTEXTDT.ASM...
  Assembling MKTITLE.ASM...
  Assembling MKVERSE.ASM...
  pch.cpp
  ASM.cpp
  ASM.vcxproj -> D:\MK3\CODE\Debug\ASM.lib
